  Queue.c
D:\Development\C\c-example\DataStructure\DataStructure\Queue.c(7,2): error C2061: 구문 오류: 식별자 'Node'
D:\Development\C\c-example\DataStructure\DataStructure\Queue.c(8,1): error C2059: 구문 오류: '}'
D:\Development\C\c-example\DataStructure\DataStructure\Queue.c(11,2): error C2061: 구문 오류: 식별자 'Node'
D:\Development\C\c-example\DataStructure\DataStructure\Queue.c(12,6): error C2143: 구문 오류: '{'이(가) '*' 앞에 없습니다.
D:\Development\C\c-example\DataStructure\DataStructure\Queue.c(14,1): error C2059: 구문 오류: '}'
D:\Development\C\c-example\DataStructure\DataStructure\Queue.c(16,16): error C2143: 구문 오류: ')'이(가) '*' 앞에 없습니다.
D:\Development\C\c-example\DataStructure\DataStructure\Queue.c(16,16): error C2143: 구문 오류: '{'이(가) '*' 앞에 없습니다.
D:\Development\C\c-example\DataStructure\DataStructure\Queue.c(16,29): error C2059: 구문 오류: '형식'
D:\Development\C\c-example\DataStructure\DataStructure\Queue.c(16,33): error C2059: 구문 오류: ')'
D:\Development\C\c-example\DataStructure\DataStructure\Queue.c(30,14): error C2143: 구문 오류: ')'이(가) '*' 앞에 없습니다.
D:\Development\C\c-example\DataStructure\DataStructure\Queue.c(30,14): error C2143: 구문 오류: '{'이(가) '*' 앞에 없습니다.
D:\Development\C\c-example\DataStructure\DataStructure\Queue.c(30,21): error C2059: 구문 오류: ')'
D:\Development\C\c-example\DataStructure\DataStructure\Queue.c(30,23): error C2054: 'queue' 다음에 '('가 필요합니다.
D:\Development\C\c-example\DataStructure\DataStructure\Queue.c(43,16): error C2143: 구문 오류: ')'이(가) '*' 앞에 없습니다.
D:\Development\C\c-example\DataStructure\DataStructure\Queue.c(43,16): error C2143: 구문 오류: '{'이(가) '*' 앞에 없습니다.
D:\Development\C\c-example\DataStructure\DataStructure\Queue.c(43,23): error C2059: 구문 오류: ')'
D:\Development\C\c-example\DataStructure\DataStructure\Queue.c(43,25): error C2054: 'queue' 다음에 '('가 필요합니다.
D:\Development\C\c-example\DataStructure\DataStructure\Queue.c(54,8): error C2065: 'Queue': 선언되지 않은 식별자입니다.
D:\Development\C\c-example\DataStructure\DataStructure\Queue.c(54,8): error C2146: 구문 오류: ';'이(가) 'queue' 식별자 앞에 없습니다.
D:\Development\C\c-example\DataStructure\DataStructure\Queue.c(55,8): error C2224: '.front' 왼쪽에는 구조체/공용 구조체 형식이 있어야 합니다.
D:\Development\C\c-example\DataStructure\DataStructure\Queue.c(55,22): error C2224: '.rear' 왼쪽에는 구조체/공용 구조체 형식이 있어야 합니다.
D:\Development\C\c-example\DataStructure\DataStructure\Queue.c(56,8): error C2224: '.count' 왼쪽에는 구조체/공용 구조체 형식이 있어야 합니다.
D:\Development\C\c-example\DataStructure\DataStructure\Queue.c(57,6): warning C4013: 'push'이(가) 정의되지 않았습니다. extern은 int형을 반환하는 것으로 간주합니다.
D:\Development\C\c-example\DataStructure\DataStructure\Queue.c(60,6): warning C4013: 'show'이(가) 정의되지 않았습니다. extern은 int형을 반환하는 것으로 간주합니다.
D:\Development\C\c-example\DataStructure\DataStructure\Queue.c(61,5): warning C4013: 'pop'이(가) 정의되지 않았습니다. extern은 int형을 반환하는 것으로 간주합니다.
